# JRE version: OpenJDK Runtime Environment (17.0.9) (build 17.0.9+0--11185874)
# Java VM: OpenJDK 64-Bit Server VM (17.0.9+0--11185874, mixed mode, tiered, compressed oops, compressed class ptrs, g1 gc, windows-amd64)
GC Precious Log:
 CPUs: 4 total, 4 available
 Memory: 5959M
 Large Page Support: Disabled
 NUMA Support: Disabled
 Compressed Oops: Enabled (32-bit)
 Heap Region Size: 1M
 Heap Min Capacity: 8M
 Heap Initial Capacity: 94M
 Heap Max Capacity: 2G
 Pre-touch: Disabled
 Parallel Workers: 4
 Concurrent Workers: 1
 Concurrent Refinement Workers: 4
 Periodic GC: Disabled
Heap:
 garbage-first heap   total 339968K, used 225001K [0x0000000080000000, 0x0000000100000000)
  region size 1024K, 16 young (16384K), 11 survivors (11264K)
 Metaspace       used 144933K, committed 146048K, reserved 1179648K
  class space    used 18977K, committed 19520K, reserved 1048576K
GC Heap History (20 events):
Event: 194.693 GC heap before
{Heap before GC invocations=65 (full 0):
 garbage-first heap   total 271360K, used 150233K [0x0000000080000000, 0x0000000100000000)
  region size 1024K, 13 young (13312K), 6 survivors (6144K)
 Metaspace       used 114481K, committed 115520K, reserved 1179648K
  class space    used 15433K, committed 15936K, reserved 1048576K
}
Event: 194.712 GC heap after
{Heap after GC invocations=66 (full 0):
 garbage-first heap   total 271360K, used 142258K [0x0000000080000000, 0x0000000100000000)
  region size 1024K, 2 young (2048K), 2 survivors (2048K)
 Metaspace       used 114481K, committed 115520K, reserved 1179648K
  class space    used 15433K, committed 15936K, reserved 1048576K
}
Event: 196.423 GC heap before
{Heap before GC invocations=66 (full 0):
 garbage-first heap   total 271360K, used 215986K [0x0000000080000000, 0x0000000100000000)
  region size 1024K, 75 young (76800K), 2 survivors (2048K)
 Metaspace       used 121280K, committed 122304K, reserved 1179648K
  class space    used 16343K, committed 16832K, reserved 1048576K
}
Event: 196.432 GC heap after
{Heap after GC invocations=67 (full 0):
 garbage-first heap   total 325632K, used 145743K [0x0000000080000000, 0x0000000100000000)
  region size 1024K, 6 young (6144K), 6 survivors (6144K)
 Metaspace       used 121280K, committed 122304K, reserved 1179648K
  class space    used 16343K, committed 16832K, reserved 1048576K
}
Event: 202.674 GC heap before
{Heap before GC invocations=67 (full 0):
 garbage-first heap   total 325632K, used 240975K [0x0000000080000000, 0x0000000100000000)
  region size 1024K, 96 young (98304K), 6 survivors (6144K)
 Metaspace       used 132330K, committed 133376K, reserved 1179648K
  class space    used 17585K, committed 18048K, reserved 1048576K
}
Event: 202.702 GC heap after
{Heap after GC invocations=68 (full 0):
 garbage-first heap   total 325632K, used 149712K [0x0000000080000000, 0x0000000100000000)
  region size 1024K, 8 young (8192K), 8 survivors (8192K)
 Metaspace       used 132330K, committed 133376K, reserved 1179648K
  class space    used 17585K, committed 18048K, reserved 1048576K
}
Event: 219.266 GC heap before
{Heap before GC invocations=68 (full 0):
 garbage-first heap   total 325632K, used 259280K [0x0000000080000000, 0x0000000100000000)
  region size 1024K, 117 young (119808K), 8 survivors (8192K)
 Metaspace       used 134732K, committed 135808K, reserved 1179648K
  class space    used 17864K, committed 18368K, reserved 1048576K
}
Event: 219.307 GC heap after
{Heap after GC invocations=69 (full 0):
 garbage-first heap   total 325632K, used 162437K [0x0000000080000000, 0x0000000100000000)
  region size 1024K, 15 young (15360K), 15 survivors (15360K)
 Metaspace       used 134732K, committed 135808K, reserved 1179648K
  class space    used 17864K, committed 18368K, reserved 1048576K
}
Event: 222.802 GC heap before
{Heap before GC invocations=70 (full 0):
 garbage-first heap   total 325632K, used 291461K [0x0000000080000000, 0x0000000100000000)
  region size 1024K, 108 young (110592K), 15 survivors (15360K)
 Metaspace       used 135514K, committed 136576K, reserved 1179648K
  class space    used 17919K, committed 18432K, reserved 1048576K
}
Event: 222.875 GC heap after
{Heap after GC invocations=71 (full 0):
 garbage-first heap   total 330752K, used 186605K [0x0000000080000000, 0x0000000100000000)
  region size 1024K, 14 young (14336K), 14 survivors (14336K)
 Metaspace       used 135514K, committed 136576K, reserved 1179648K
  class space    used 17919K, committed 18432K, reserved 1048576K
}
Event: 222.901 GC heap before
{Heap before GC invocations=71 (full 0):
 garbage-first heap   total 330752K, used 187629K [0x0000000080000000, 0x0000000100000000)
  region size 1024K, 16 young (16384K), 14 survivors (14336K)
 Metaspace       used 135516K, committed 136576K, reserved 1179648K
  class space    used 17919K, committed 18432K, reserved 1048576K
}
Event: 222.928 GC heap after
{Heap after GC invocations=72 (full 0):
 garbage-first heap   total 330752K, used 186368K [0x0000000080000000, 0x0000000100000000)
  region size 1024K, 2 young (2048K), 2 survivors (2048K)
 Metaspace       used 135516K, committed 136576K, reserved 1179648K
  class space    used 17919K, committed 18432K, reserved 1048576K
}
Event: 224.540 GC heap before
{Heap before GC invocations=72 (full 0):
 garbage-first heap   total 330752K, used 264192K [0x0000000080000000, 0x0000000100000000)
  region size 1024K, 79 young (80896K), 2 survivors (2048K)
 Metaspace       used 138947K, committed 140160K, reserved 1179648K
  class space    used 18221K, committed 18816K, reserved 1048576K
}
Event: 224.557 GC heap after
{Heap after GC invocations=73 (full 0):
 garbage-first heap   total 330752K, used 194254K [0x0000000080000000, 0x0000000100000000)
  region size 1024K, 10 young (10240K), 10 survivors (10240K)
 Metaspace       used 138947K, committed 140160K, reserved 1179648K
  class space    used 18221K, committed 18816K, reserved 1048576K
}
Event: 226.654 GC heap before
{Heap before GC invocations=73 (full 0):
 garbage-first heap   total 330752K, used 269006K [0x0000000080000000, 0x0000000100000000)
  region size 1024K, 83 young (84992K), 10 survivors (10240K)
 Metaspace       used 140138K, committed 141248K, reserved 1179648K
  class space    used 18338K, committed 18880K, reserved 1048576K
}
Event: 226.669 GC heap after
{Heap after GC invocations=74 (full 0):
 garbage-first heap   total 330752K, used 188383K [0x0000000080000000, 0x0000000100000000)
  region size 1024K, 2 young (2048K), 2 survivors (2048K)
 Metaspace       used 140138K, committed 141248K, reserved 1179648K
  class space    used 18338K, committed 18880K, reserved 1048576K
}
Event: 228.358 GC heap before
{Heap before GC invocations=74 (full 0):
 garbage-first heap   total 330752K, used 232415K [0x0000000080000000, 0x0000000100000000)
  region size 1024K, 47 young (48128K), 2 survivors (2048K)
 Metaspace       used 140835K, committed 141952K, reserved 1179648K
  class space    used 18403K, committed 18944K, reserved 1048576K
}
Event: 228.366 GC heap after
{Heap after GC invocations=75 (full 0):
 garbage-first heap   total 330752K, used 188435K [0x0000000080000000, 0x0000000100000000)
  region size 1024K, 2 young (2048K), 2 survivors (2048K)
 Metaspace       used 140835K, committed 141952K, reserved 1179648K
  class space    used 18403K, committed 18944K, reserved 1048576K
}
Event: 231.185 GC heap before
{Heap before GC invocations=76 (full 0):
 garbage-first heap   total 339968K, used 305171K [0x0000000080000000, 0x0000000100000000)
  region size 1024K, 86 young (88064K), 2 survivors (2048K)
 Metaspace       used 144912K, committed 146048K, reserved 1179648K
  class space    used 18977K, committed 19520K, reserved 1048576K
}
Event: 231.213 GC heap after
{Heap after GC invocations=77 (full 0):
 garbage-first heap   total 339968K, used 219881K [0x0000000080000000, 0x0000000100000000)
  region size 1024K, 11 young (11264K), 11 survivors (11264K)
 Metaspace       used 144912K, committed 146048K, reserved 1179648K
  class space    used 18977K, committed 19520K, reserved 1048576K
}

